<?xml version="1.0" encoding="UTF-8"?>
<!-- Generated by org.testng.reporters.JUnitReportReporter -->
<testsuite hostname="LAPTOP-FS7DMKT8" failures="0" tests="2" name="maven_Projects.testScripts.Practice1" time="0.022" errors="0" timestamp="2022-07-19T15:00:02 IST" skipped="0">
  <testcase classname="maven_Projects.testScripts.Practice1" name="practice1" time="0.017"/>
  <system-out/>
  <testcase classname="maven_Projects.testScripts.Practice1" name="practice3" time="0.005"/>
  <system-out/>
</testsuite> <!-- maven_Projects.testScripts.Practice1 -->
