<?xml version="1.0" encoding="UTF-8"?>
<!-- Generated by org.testng.reporters.JUnitReportReporter -->
<testsuite hostname="LAPTOP-FS7DMKT8" failures="0" tests="3" name="maven_Projects.testScripts.Practice1" time="0.018" errors="0" timestamp="2022-07-19T10:58:02 IST" skipped="0">
  <testcase classname="maven_Projects.testScripts.Practice1" name="practice1" time="0.004"/>
  <system-out/>
  <testcase classname="maven_Projects.testScripts.Practice1" name="practic2" time="0.011"/>
  <system-out/>
  <testcase classname="maven_Projects.testScripts.Practice1" name="practice3" time="0.003"/>
  <system-out/>
</testsuite> <!-- maven_Projects.testScripts.Practice1 -->
